<?xml version="1.0" encoding="UTF-8"?>
<testng-results ignored="0" total="2" passed="2" failed="0" skipped="0">
  <reporter-output>
  </reporter-output>
  <suite started-at="2022-03-04T10:12:54 IST" name="Default suite" finished-at="2022-03-04T10:12:55 IST" duration-ms="167">
    <groups>
    </groups>
    <test started-at="2022-03-04T10:12:54 IST" name="Default test" finished-at="2022-03-04T10:12:55 IST" duration-ms="167">
      <class name="com.testng.SimpleAnnotation">
        <test-method signature="password()[pri:0, instance:com.testng.SimpleAnnotation@3c22fc4c]" started-at="2022-03-04T10:12:54 IST" name="password" finished-at="2022-03-04T10:12:54 IST" duration-ms="18" status="PASS">
          <reporter-output>
          </reporter-output>
        </test-method> <!-- password -->
        <test-method signature="userName()[pri:0, instance:com.testng.SimpleAnnotation@3c22fc4c]" started-at="2022-03-04T10:12:54 IST" name="userName" finished-at="2022-03-04T10:12:54 IST" duration-ms="5" status="PASS">
          <reporter-output>
          </reporter-output>
        </test-method> <!-- userName -->
      </class> <!-- com.testng.SimpleAnnotation -->
    </test> <!-- Default test -->
  </suite> <!-- Default suite -->
</testng-results>
